2019-10-09 22:31:15,934 - database.upsert - INFO - 54 - Facebook authentication was a success
2019-10-09 22:31:15,936 - database.upsert - INFO - 65 - MySQL connection was a success
2019-10-09 22:31:15,936 - database.upsert - INFO - 224 - Beginning to sync koho
2019-10-09 22:31:17,308 - database.database_functions - INFO - 106 - 1 rows updated in accounts
2019-10-09 22:31:17,389 - root - INFO - 237 - Accounts Table successfully synced to database
2019-10-09 22:31:55,694 - database.upsert - INFO - 54 - Facebook authentication was a success
2019-10-09 22:31:55,695 - database.upsert - INFO - 65 - MySQL connection was a success
2019-10-09 22:31:55,695 - database.upsert - INFO - 224 - Beginning to sync koho
2019-10-09 22:31:57,294 - database.database_functions - INFO - 106 - 1 rows updated in accounts
2019-10-09 22:31:57,393 - root - INFO - 237 - Accounts Table successfully synced to database
2019-10-09 22:36:51,191 - database.upsert - INFO - 53 - Facebook authentication was a success
2019-10-09 22:36:51,192 - database.upsert - INFO - 64 - MySQL connection was a success
2019-10-09 22:36:51,192 - database.upsert - INFO - 228 - Beginning to sync koho
2019-10-09 22:36:52,970 - database.database_functions - INFO - 106 - 1 rows updated in accounts
2019-10-09 22:36:53,130 - root - INFO - 241 - Accounts Table successfully synced to database
2019-10-09 22:39:17,517 - database.upsert - INFO - 53 - Facebook authentication was a success
2019-10-09 22:39:17,518 - database.upsert - INFO - 64 - MySQL connection was a success
2019-10-09 22:39:17,518 - database.upsert - INFO - 227 - Beginning to sync act_1471060269659862
2019-10-09 22:46:02,318 - database.upsert - INFO - 53 - Facebook authentication was a success
2019-10-09 22:46:02,318 - database.upsert - INFO - 64 - MySQL connection was a success
2019-10-09 22:46:02,319 - database.upsert - INFO - 227 - Beginning to sync act_1471060269659862
2019-10-09 22:46:03,889 - database.database_functions - INFO - 106 - 1 rows updated in accounts
2019-10-09 22:46:04,010 - root - INFO - 240 - Accounts Table successfully synced to database
2019-10-09 22:46:24,655 - database.database_functions - INFO - 106 - 143 rows updated in campaigns
2019-10-09 22:46:24,770 - root - INFO - 253 - Campaigns Table successfully synced to database
